{
  "RSpec": {
    "coverage": {
      "/home/elena/projects/bookmark_manager/app/server.rb": [
        1,
        1,
        1,
        1,
        1,
        1,
        1,
        1,
        1,
        1,
        1,
        1,
        1,
        1,
        1,
        null,
        1,
        null,
        1,
        1,
        195,
        1
      ],
      "/home/elena/projects/bookmark_manager/app/models/link.rb": [
        1,
        null,
        1,
        null,
        1,
        1,
        1,
        null,
        1,
        null,
        null
      ],
      "/home/elena/projects/bookmark_manager/app/models/user.rb": [
        1,
        null,
        1,
        null,
        1,
        null,
        1,
        1,
        1,
        1,
        1,
        null,
        1,
        1,
        null,
        1,
        1,
        1,
        null,
        1,
        17,
        17,
        null,
        null,
        1,
        10,
        10,
        9,
        null,
        null,
        null,
        null,
        null,
        null
      ],
      "/home/elena/projects/bookmark_manager/app/models/tag.rb": [
        1,
        1,
        null,
        1,
        null,
        1,
        1,
        null,
        null,
        null,
        null
      ],
      "/home/elena/projects/bookmark_manager/app/helpers/application.rb": [
        1,
        1,
        133,
        null,
        null
      ],
      "/home/elena/projects/bookmark_manager/app/data_mapper_setup.rb": [
        1,
        null,
        1,
        null,
        1,
        1,
        1,
        null,
        1,
        1
      ],
      "/home/elena/projects/bookmark_manager/app/controllers/users.rb": [
        1,
        8,
        null,
        8,
        8,
        null,
        null,
        1,
        7,
        null,
        null,
        7,
        5,
        5,
        null,
        2,
        2,
        null,
        null
      ],
      "/home/elena/projects/bookmark_manager/app/controllers/sessions.rb": [
        1,
        12,
        null,
        12,
        null,
        null,
        1,
        10,
        10,
        10,
        9,
        9,
        null,
        1,
        1,
        null,
        null,
        null,
        1,
        3,
        3,
        null
      ],
      "/home/elena/projects/bookmark_manager/app/controllers/links.rb": [
        1,
        2,
        2,
        4,
        2,
        2,
        null,
        null,
        1,
        3,
        3,
        null
      ],
      "/home/elena/projects/bookmark_manager/app/controllers/tags.rb": [
        1,
        1,
        1,
        1,
        null
      ],
      "/home/elena/projects/bookmark_manager/app/controllers/application.rb": [
        1,
        26,
        26,
        null
      ],
      "/home/elena/projects/bookmark_manager/app/controllers/request_password.rb": [
        1,
        0,
        0,
        null,
        null,
        1,
        0,
        0,
        0,
        0,
        0,
        0,
        0,
        null,
        0,
        0,
        null,
        null,
        null,
        1,
        0,
        0,
        0,
        0,
        0,
        0,
        null,
        0,
        0,
        null,
        null,
        null,
        null,
        1,
        0,
        0,
        0,
        0,
        0,
        null,
        null,
        null
      ]
    },
    "timestamp": 1419265855
  }
}
