{
  "RSpec": {
    "coverage": {
      "/home/elena/projects/bookmark_manager/app/server.rb": [
        1,
        1,
        1,
        1,
        1,
        1,
        1,
        1,
        1,
        1,
        1,
        1,
        1,
        1,
        1,
        null,
        1,
        null,
        1,
        1,
        235,
        1
      ],
      "/home/elena/projects/bookmark_manager/app/models/link.rb": [
        1,
        null,
        1,
        null,
        1,
        1,
        1,
        null,
        1,
        null,
        null
      ],
      "/home/elena/projects/bookmark_manager/app/models/user.rb": [
        1,
        null,
        1,
        null,
        1,
        null,
        1,
        1,
        1,
        1,
        1,
        null,
        1,
        1,
        null,
        1,
        1,
        null,
        1,
        21,
        21,
        null,
        null,
        1,
        11,
        11,
        10,
        null,
        null,
        null,
        null,
        null,
        null
      ],
      "/home/elena/projects/bookmark_manager/app/models/tag.rb": [
        1,
        1,
        null,
        1,
        null,
        1,
        1,
        null,
        null,
        null,
        null
      ],
      "/home/elena/projects/bookmark_manager/app/helpers/application.rb": [
        1,
        1,
        160,
        null,
        null
      ],
      "/home/elena/projects/bookmark_manager/app/data_mapper_setup.rb": [
        1,
        null,
        1,
        null,
        1,
        1,
        1,
        null,
        1,
        1
      ],
      "/home/elena/projects/bookmark_manager/app/controllers/users.rb": [
        1,
        10,
        null,
        10,
        10,
        null,
        null,
        1,
        9,
        null,
        null,
        9,
        6,
        6,
        null,
        3,
        3,
        null,
        null
      ],
      "/home/elena/projects/bookmark_manager/app/controllers/sessions.rb": [
        1,
        15,
        null,
        15,
        null,
        null,
        1,
        11,
        11,
        11,
        10,
        10,
        null,
        1,
        1,
        null,
        null,
        null,
        1,
        5,
        5,
        null
      ],
      "/home/elena/projects/bookmark_manager/app/controllers/links.rb": [
        1,
        2,
        2,
        4,
        2,
        2,
        null,
        null,
        1,
        3,
        3,
        null
      ],
      "/home/elena/projects/bookmark_manager/app/controllers/tags.rb": [
        1,
        1,
        1,
        1,
        null
      ],
      "/home/elena/projects/bookmark_manager/app/controllers/application.rb": [
        1,
        30,
        30,
        null
      ],
      "/home/elena/projects/bookmark_manager/app/controllers/request_password.rb": [
        1,
        1,
        1,
        null,
        null,
        1,
        0,
        0,
        0,
        0,
        0,
        0,
        0,
        null,
        0,
        0,
        null,
        null,
        null,
        1,
        0,
        0,
        0,
        0,
        0,
        0,
        null,
        0,
        0,
        null,
        null,
        null,
        null,
        1,
        0,
        0,
        0,
        0,
        0,
        null,
        null,
        null
      ]
    },
    "timestamp": 1419269172
  }
}
